1530208503905	geckodriver	INFO	geckodriver 0.20.1
1530208503909	geckodriver	INFO	Listening on 127.0.0.1:46067
1530208806953	geckodriver	INFO	geckodriver 0.20.1
1530208806961	geckodriver	INFO	Listening on 127.0.0.1:49581
1530232977431	geckodriver	INFO	geckodriver 0.20.1
1530232977438	geckodriver	INFO	Listening on 127.0.0.1:48913
1530232978476	mozrunner::runner	INFO	Running command: "/usr/bin/firefox" "-marionette" "-profile" "/tmp/rust_mozprofile.LAZ7JxCaTs4G"
1530232979014	Marionette	INFO	Enabled via --marionette
1530232980352	Marionette	INFO	Listening on port 44115
1530232980398	Marionette	WARN	TLS certificate errors will be ignored for this session

###!!! [Child][RunMessage] Error: Channel closing: too late to send/recv, messages will be lost


###!!! [Child][MessageChannel] Error: (msgtype=0x2C00AF,name=PContent::Msg_ScriptError) Channel closing: too late to send/recv, messages will be lost


###!!! [Child][RunMessage] Error: Channel closing: too late to send/recv, messages will be lost


###!!! [Child][RunMessage] Error: Channel closing: too late to send/recv, messages will be lost


###!!! [Child][MessageChannel] Error: (msgtype=0x2C00AF,name=PContent::Msg_ScriptError) Channel closing: too late to send/recv, messages will be lost


###!!! [Child][RunMessage] Error: Channel closing: too late to send/recv, messages will be lost


###!!! [Child][MessageChannel] Error: (msgtype=0x2C00AF,name=PContent::Msg_ScriptError) Channel closing: too late to send/recv, messages will be lost


###!!! [Child][RunMessage] Error: Channel closing: too late to send/recv, messages will be lost


###!!! [Child][MessageChannel] Error: (msgtype=0x2C00AF,name=PContent::Msg_ScriptError) Channel closing: too late to send/recv, messages will be lost


###!!! [Child][RunMessage] Error: Channel closing: too late to send/recv, messages will be lost


###!!! [Child][MessageChannel] Error: (msgtype=0x2C00AF,name=PContent::Msg_ScriptError) Channel closing: too late to send/recv, messages will be lost


###!!! [Child][RunMessage] Error: Channel closing: too late to send/recv, messages will be lost


###!!! [Child][RunMessage] Error: Channel closing: too late to send/recv, messages will be lost

1530233532434	geckodriver	INFO	geckodriver 0.20.1
1530233532439	geckodriver	INFO	Listening on 127.0.0.1:35303
1530233533477	mozrunner::runner	INFO	Running command: "/usr/bin/firefox" "-marionette" "-profile" "/tmp/rust_mozprofile.57OThbozJJU5"
1530233533978	Marionette	INFO	Enabled via --marionette
1530233535318	Marionette	INFO	Listening on port 33773
1530233535402	Marionette	WARN	TLS certificate errors will be ignored for this session
JavaScript error: https://fbsbx.com/captcha/recaptcha/iframe/?referer=https%3A%2F%2Fweb.facebook.com, line 1: TypeError: o is null
JavaScript error: https://fbsbx.com/captcha/recaptcha/iframe/?referer=https%3A%2F%2Fweb.facebook.com, line 1: TypeError: o is null
console.error: 
  stylesheets actor: fetch failed for https://static.xx.fbcdn.net/rsrc.php/v3/yk/l/0,cross/rmXR2NfTvOc.css, using system principal instead.
console.error: 
  Message: Error: Failed to fetch https://static.xx.fbcdn.net/rsrc.php/v3/yk/l/0,cross/rmXR2NfTvOc.css. Code 2152398878.
  Stack:
    onResponse@resource://devtools/shared/base-loader.js -> resource://devtools/shared/DevToolsUtils.js:553:23
onStopRequest@resource://gre/modules/NetUtil.jsm:131:17

onResponse@resource://devtools/shared/base-loader.js -> resource://devtools/shared/DevToolsUtils.js:553:23
onStopRequest@resource://gre/modules/NetUtil.jsm:131:17
console.error: 
  Protocol error (unknownError): Failed to fetch https://static.xx.fbcdn.net/rsrc.php/v3/yk/l/0,cross/rmXR2NfTvOc.css. Code 2152398878.
console.error: 
  Protocol error (unknownError): Failed to fetch https://static.xx.fbcdn.net/rsrc.php/v3/yk/l/0,cross/rmXR2NfTvOc.css. Code 2152398878.
console.error: 
  Protocol error (unknownError): Failed to fetch https://static.xx.fbcdn.net/rsrc.php/v3/yk/l/0,cross/rmXR2NfTvOc.css. Code 2152398878.
console.error: 
  stylesheets actor: fetch failed for https://static.xx.fbcdn.net/rsrc.php/v3/yu/l/0,cross/0jEr4csAwsT.css, using system principal instead.
console.error: 
  Message: Error: Failed to fetch https://static.xx.fbcdn.net/rsrc.php/v3/yu/l/0,cross/0jEr4csAwsT.css. Code 2152398878.
  Stack:
    onResponse@resource://devtools/shared/base-loader.js -> resource://devtools/shared/DevToolsUtils.js:553:23
onStopRequest@resource://gre/modules/NetUtil.jsm:131:17

onResponse@resource://devtools/shared/base-loader.js -> resource://devtools/shared/DevToolsUtils.js:553:23
onStopRequest@resource://gre/modules/NetUtil.jsm:131:17
console.error: 
  Protocol error (unknownError): Failed to fetch https://static.xx.fbcdn.net/rsrc.php/v3/yu/l/0,cross/0jEr4csAwsT.css. Code 2152398878.
console.error: 
  Protocol error (unknownError): Failed to fetch https://static.xx.fbcdn.net/rsrc.php/v3/yu/l/0,cross/0jEr4csAwsT.css. Code 2152398878.
console.error: 
  Protocol error (unknownError): Failed to fetch https://static.xx.fbcdn.net/rsrc.php/v3/yu/l/0,cross/0jEr4csAwsT.css. Code 2152398878.
1530234195589	geckodriver	INFO	geckodriver 0.20.1
1530234195593	geckodriver	INFO	Listening on 127.0.0.1:33813
1530234196631	mozrunner::runner	INFO	Running command: "/usr/bin/firefox" "-marionette" "-profile" "/tmp/rust_mozprofile.rUeHZUOUAyWL"
1530234197184	Marionette	INFO	Enabled via --marionette
1530234198674	Marionette	INFO	Listening on port 36231
1530234198780	Marionette	WARN	TLS certificate errors will be ignored for this session
JavaScript error: https://fbsbx.com/captcha/recaptcha/iframe/?referer=https%3A%2F%2Fweb.facebook.com, line 1: TypeError: o is null
JavaScript error: https://fbsbx.com/captcha/recaptcha/iframe/?referer=https%3A%2F%2Fweb.facebook.com, line 1: TypeError: o is null
IPDL protocol error: Handler returned error code!

###!!! [Parent][DispatchAsyncMessage] Error: PLayerTransaction::Msg_ReleaseLayer Processing error: message was deserialized, but the handler returned false (indicating failure)


###!!! [Child][RunMessage] Error: Channel closing: too late to send/recv, messages will be lost


###!!! [Child][RunMessage] Error: Channel closing: too late to send/recv, messages will be lost

1530234653071	geckodriver	INFO	geckodriver 0.20.1
1530234653075	geckodriver	INFO	Listening on 127.0.0.1:45785
1530234654120	mozrunner::runner	INFO	Running command: "/usr/bin/firefox" "-marionette" "-profile" "/tmp/rust_mozprofile.2UL39PlNIkul"
1530234654596	Marionette	INFO	Enabled via --marionette
1530234655998	Marionette	INFO	Listening on port 33771
1530234656030	Marionette	WARN	TLS certificate errors will be ignored for this session
JavaScript error: https://fbsbx.com/captcha/recaptcha/iframe/?referer=https%3A%2F%2Fweb.facebook.com, line 1: TypeError: o is null
JavaScript error: https://fbsbx.com/captcha/recaptcha/iframe/?referer=https%3A%2F%2Fweb.facebook.com, line 1: TypeError: o is null
1530235056895	geckodriver	INFO	geckodriver 0.20.1
1530235056899	geckodriver	INFO	Listening on 127.0.0.1:58951
1530235058566	mozrunner::runner	INFO	Running command: "/usr/bin/firefox" "-marionette" "-profile" "/tmp/rust_mozprofile.WibNrUqnoLHL"
1530235060144	Marionette	INFO	Enabled via --marionette
1530235061400	Marionette	INFO	Listening on port 40865
1530235061492	Marionette	WARN	TLS certificate errors will be ignored for this session
JavaScript error: https://fbsbx.com/captcha/recaptcha/iframe/?referer=https%3A%2F%2Fweb.facebook.com, line 1: TypeError: o is null
JavaScript error: https://fbsbx.com/captcha/recaptcha/iframe/?referer=https%3A%2F%2Fweb.facebook.com, line 1: TypeError: o is null
1530235321326	addons.productaddons	WARN	Failed downloading via XHR, status: 0, reason: error
IPDL protocol error: Handler returned error code!

###!!! [Parent][DispatchAsyncMessage] Error: PLayerTransaction::Msg_ReleaseLayer Processing error: message was deserialized, but the handler returned false (indicating failure)

1530235414228	geckodriver	INFO	geckodriver 0.20.1
1530235414231	geckodriver	INFO	Listening on 127.0.0.1:49469
1530235415275	mozrunner::runner	INFO	Running command: "/usr/bin/firefox" "-marionette" "-profile" "/tmp/rust_mozprofile.I2fo1oGtX5UG"
1530235415756	Marionette	INFO	Enabled via --marionette
1530235417516	Marionette	INFO	Listening on port 46505
1530235417598	Marionette	WARN	TLS certificate errors will be ignored for this session
1530235425995	geckodriver	INFO	geckodriver 0.20.1
1530235425999	geckodriver	INFO	Listening on 127.0.0.1:54513
1530235427041	mozrunner::runner	INFO	Running command: "/usr/bin/firefox" "-marionette" "-profile" "/tmp/rust_mozprofile.oCecFaslekiQ"
1530235427542	Marionette	INFO	Enabled via --marionette
1530235428876	Marionette	INFO	Listening on port 42141
1530235428954	Marionette	WARN	TLS certificate errors will be ignored for this session
[GFX1-]: Receive IPC close with reason=AbnormalShutdown
[Child 25354, Chrome_ChildThread] WARNING: pipe error (3): Connection reset by peer: file /build/firefox/src/mozilla-unified/ipc/chromium/src/chrome/common/ipc_channel_posix.cc, line 353
1530235445330	geckodriver	INFO	geckodriver 0.20.1
1530235445333	geckodriver	INFO	Listening on 127.0.0.1:44397
1530235446379	mozrunner::runner	INFO	Running command: "/usr/bin/firefox" "-marionette" "-profile" "/tmp/rust_mozprofile.ggZ9sjClXBFa"
1530235447054	Marionette	INFO	Enabled via --marionette
1530235448598	Marionette	INFO	Listening on port 41597
1530235448712	Marionette	WARN	TLS certificate errors will be ignored for this session
JavaScript error: https://fbsbx.com/captcha/recaptcha/iframe/?referer=https%3A%2F%2Fweb.facebook.com, line 1: TypeError: o is null
JavaScript error: https://fbsbx.com/captcha/recaptcha/iframe/?referer=https%3A%2F%2Fweb.facebook.com, line 1: TypeError: o is null
[GFX1-]: Receive IPC close with reason=AbnormalShutdown
[Child 25542, Chrome_ChildThread] WARNING: pipe error (3): Connection reset by peer: file /build/firefox/src/mozilla-unified/ipc/chromium/src/chrome/common/ipc_channel_posix.cc, line 353
1530236137815	geckodriver	INFO	geckodriver 0.20.1
1530236137819	geckodriver	INFO	Listening on 127.0.0.1:39011
1530236138859	mozrunner::runner	INFO	Running command: "/usr/bin/firefox" "-marionette" "-profile" "/tmp/rust_mozprofile.7bYu5q4kMHCj"
1530236139356	Marionette	INFO	Enabled via --marionette
1530236140614	Marionette	INFO	Listening on port 36365
1530236140672	Marionette	WARN	TLS certificate errors will be ignored for this session
JavaScript error: https://fbsbx.com/captcha/recaptcha/iframe/?referer=https%3A%2F%2Fweb.facebook.com, line 1: TypeError: o is null
JavaScript error: https://fbsbx.com/captcha/recaptcha/iframe/?referer=https%3A%2F%2Fweb.facebook.com, line 1: TypeError: o is null
1530236511594	addons.productaddons	WARN	Failed downloading via XHR, status: 0, reason: error
IPDL protocol error: Handler returned error code!

###!!! [Parent][DispatchAsyncMessage] Error: PLayerTransaction::Msg_ReleaseLayer Processing error: message was deserialized, but the handler returned false (indicating failure)

1530236518613	geckodriver	INFO	geckodriver 0.20.1
1530236518618	geckodriver	INFO	Listening on 127.0.0.1:43817
1530236519659	mozrunner::runner	INFO	Running command: "/usr/bin/firefox" "-marionette" "-profile" "/tmp/rust_mozprofile.hNyHFkbrEqF0"
1530236520254	Marionette	INFO	Enabled via --marionette
1530236521650	Marionette	INFO	Listening on port 40959
1530236521678	Marionette	WARN	TLS certificate errors will be ignored for this session
JavaScript error: https://fbsbx.com/captcha/recaptcha/iframe/?referer=https%3A%2F%2Fweb.facebook.com, line 1: TypeError: o is null
JavaScript error: https://fbsbx.com/captcha/recaptcha/iframe/?referer=https%3A%2F%2Fweb.facebook.com, line 1: TypeError: o is null
1530236861012	addons.productaddons	WARN	Failed downloading via XHR, status: 0, reason: error
1530236902727	geckodriver	INFO	geckodriver 0.20.1
1530236902733	geckodriver	INFO	Listening on 127.0.0.1:57315
1530236903783	mozrunner::runner	INFO	Running command: "/usr/bin/firefox" "-marionette" "-profile" "/tmp/rust_mozprofile.5OJEUWCwMFWo"
1530236904286	Marionette	INFO	Enabled via --marionette
1530236905576	Marionette	INFO	Listening on port 38995
1530236905596	Marionette	WARN	TLS certificate errors will be ignored for this session
JavaScript error: https://fbsbx.com/captcha/recaptcha/iframe/?referer=https%3A%2F%2Fweb.facebook.com, line 1: TypeError: o is null
JavaScript error: https://fbsbx.com/captcha/recaptcha/iframe/?referer=https%3A%2F%2Fweb.facebook.com, line 1: TypeError: o is null
[Parent 27300, Gecko_IOThread] WARNING: pipe error (102): Connection reset by peer: file /build/firefox/src/mozilla-unified/ipc/chromium/src/chrome/common/ipc_channel_posix.cc, line 353
1530237937098	geckodriver	INFO	geckodriver 0.20.1
1530237937104	geckodriver	INFO	Listening on 127.0.0.1:38733
1530237938143	mozrunner::runner	INFO	Running command: "/usr/bin/firefox" "-marionette" "-profile" "/tmp/rust_mozprofile.usHD5SAkSz5s"
1530237938656	Marionette	INFO	Enabled via --marionette
1530237939970	Marionette	INFO	Listening on port 36735
1530237940064	Marionette	WARN	TLS certificate errors will be ignored for this session
JavaScript error: https://fbsbx.com/captcha/recaptcha/iframe/?referer=https%3A%2F%2Fweb.facebook.com, line 1: TypeError: o is null
JavaScript error: https://fbsbx.com/captcha/recaptcha/iframe/?referer=https%3A%2F%2Fweb.facebook.com, line 1: TypeError: o is null
1530238430534	addons.productaddons	WARN	Failed downloading via XHR, status: 0, reason: error
[Parent 28186, Gecko_IOThread] WARNING: pipe error (99): Connection reset by peer: file /build/firefox/src/mozilla-unified/ipc/chromium/src/chrome/common/ipc_channel_posix.cc, line 353
1530238434920	geckodriver	INFO	geckodriver 0.20.1
1530238434923	geckodriver	INFO	Listening on 127.0.0.1:42341
1530238435964	mozrunner::runner	INFO	Running command: "/usr/bin/firefox" "-marionette" "-profile" "/tmp/rust_mozprofile.N9ngZJY5YCA7"
1530238436490	Marionette	INFO	Enabled via --marionette
1530238437800	Marionette	INFO	Listening on port 37771
1530238437880	Marionette	WARN	TLS certificate errors will be ignored for this session
JavaScript error: https://fbsbx.com/captcha/recaptcha/iframe/?referer=https%3A%2F%2Fweb.facebook.com, line 1: TypeError: o is null
JavaScript error: https://fbsbx.com/captcha/recaptcha/iframe/?referer=https%3A%2F%2Fweb.facebook.com, line 1: TypeError: o is null
1530238779858	addons.productaddons	WARN	Failed downloading via XHR, status: 0, reason: error
1530239079309	geckodriver	INFO	geckodriver 0.20.1
1530239079313	geckodriver	INFO	Listening on 127.0.0.1:46423
1530239080353	mozrunner::runner	INFO	Running command: "/usr/bin/firefox" "-marionette" "-profile" "/tmp/rust_mozprofile.qETXqOhvjsFw"
1530239080882	Marionette	INFO	Enabled via --marionette
1530239082086	Marionette	INFO	Listening on port 45849
1530239082164	Marionette	WARN	TLS certificate errors will be ignored for this session
JavaScript error: https://fbsbx.com/captcha/recaptcha/iframe/?referer=https%3A%2F%2Fweb.facebook.com, line 1: TypeError: o is null
JavaScript error: https://fbsbx.com/captcha/recaptcha/iframe/?referer=https%3A%2F%2Fweb.facebook.com, line 1: TypeError: o is null
1530239396492	addons.productaddons	WARN	Failed downloading via XHR, status: 0, reason: error
1530239399966	geckodriver	INFO	geckodriver 0.20.1
1530239399970	geckodriver	INFO	Listening on 127.0.0.1:37759
1530239401013	mozrunner::runner	INFO	Running command: "/usr/bin/firefox" "-marionette" "-profile" "/tmp/rust_mozprofile.3Zq3GsnvDv3N"
1530239401536	Marionette	INFO	Enabled via --marionette
1530239402720	Marionette	INFO	Listening on port 35647
1530239402830	Marionette	WARN	TLS certificate errors will be ignored for this session
JavaScript error: https://fbsbx.com/captcha/recaptcha/iframe/?referer=https%3A%2F%2Fweb.facebook.com, line 1: TypeError: o is null
JavaScript error: https://fbsbx.com/captcha/recaptcha/iframe/?referer=https%3A%2F%2Fweb.facebook.com, line 1: TypeError: o is null
1530239829390	geckodriver	INFO	geckodriver 0.20.1
1530239829394	geckodriver	INFO	Listening on 127.0.0.1:46189
1530239830437	mozrunner::runner	INFO	Running command: "/usr/bin/firefox" "-marionette" "-profile" "/tmp/rust_mozprofile.75grjyc6Ccwf"
1530239830904	Marionette	INFO	Enabled via --marionette
1530239832254	Marionette	INFO	Listening on port 38091
1530239832348	Marionette	WARN	TLS certificate errors will be ignored for this session
JavaScript error: https://fbsbx.com/captcha/recaptcha/iframe/?referer=https%3A%2F%2Fweb.facebook.com, line 1: TypeError: o is null
JavaScript error: https://fbsbx.com/captcha/recaptcha/iframe/?referer=https%3A%2F%2Fweb.facebook.com, line 1: TypeError: o is null
1530240234332	geckodriver	INFO	geckodriver 0.20.1
1530240234336	geckodriver	INFO	Listening on 127.0.0.1:54555
1530240235381	mozrunner::runner	INFO	Running command: "/usr/bin/firefox" "-marionette" "-profile" "/tmp/rust_mozprofile.7h7fjQr5ml4o"
1530240235884	Marionette	INFO	Enabled via --marionette
1530240237284	Marionette	INFO	Listening on port 41813
1530240237292	Marionette	WARN	TLS certificate errors will be ignored for this session
JavaScript error: https://fbsbx.com/captcha/recaptcha/iframe/?referer=https%3A%2F%2Fweb.facebook.com, line 1: TypeError: o is null
JavaScript error: https://fbsbx.com/captcha/recaptcha/iframe/?referer=https%3A%2F%2Fweb.facebook.com, line 1: TypeError: o is null
console.error: 
  stylesheets actor: fetch failed for https://static.xx.fbcdn.net/rsrc.php/v3/yc/l/0,cross/aHjlfAF2h3N.css, using system principal instead.

(firefox:30676): Gtk-CRITICAL **: 03:49:57.033: gtk_window_resize: assertion 'height > 0' failed

(firefox:30676): Gtk-CRITICAL **: 03:50:18.183: gtk_window_resize: assertion 'height > 0' failed

(firefox:30676): Gtk-CRITICAL **: 03:50:24.939: gtk_window_resize: assertion 'height > 0' failed

(firefox:30676): Gtk-CRITICAL **: 03:50:29.929: gtk_window_resize: assertion 'height > 0' failed

(firefox:30676): Gtk-CRITICAL **: 03:51:49.681: gtk_window_resize: assertion 'height > 0' failed
1530240810729	geckodriver	INFO	geckodriver 0.20.1
1530240810732	geckodriver	INFO	Listening on 127.0.0.1:57659
1530240811776	mozrunner::runner	INFO	Running command: "/usr/bin/firefox" "-marionette" "-profile" "/tmp/rust_mozprofile.aFQTs5lZcCiw"
1530240812422	Marionette	INFO	Enabled via --marionette
1530240814478	Marionette	INFO	Listening on port 45471
1530240814494	Marionette	WARN	TLS certificate errors will be ignored for this session
JavaScript error: https://fbsbx.com/captcha/recaptcha/iframe/?referer=https%3A%2F%2Fweb.facebook.com, line 1: TypeError: o is null
JavaScript error: https://fbsbx.com/captcha/recaptcha/iframe/?referer=https%3A%2F%2Fweb.facebook.com, line 1: TypeError: o is null

(firefox:31362): Gtk-CRITICAL **: 04:01:54.518: gtk_window_resize: assertion 'height > 0' failed

(firefox:31362): Gtk-CRITICAL **: 04:02:04.492: gtk_window_resize: assertion 'height > 0' failed
Handler function NetworkEventActorProxy.addResponseContent threw an exception: [Exception... "Component returned failure code: 0xc1f30001 (NS_ERROR_NOT_INITIALIZED) [nsIMessageSender.sendAsyncMessage]"  nsresult: "0xc1f30001 (NS_ERROR_NOT_INITIALIZED)"  location: "JS frame :: resource://devtools/shared/base-loader.js -> resource://devtools/shared/webconsole/network-monitor.js :: NetworkEventActorProxy.methodFactory/< :: line 1875"  data: no]
Stack: NetworkEventActorProxy.methodFactory/<@resource://devtools/shared/base-loader.js -> resource://devtools/shared/webconsole/network-monitor.js:1875:5
exports.makeInfallible/<@resource://devtools/shared/base-loader.js -> resource://devtools/shared/ThreadSafeDevToolsUtils.js:109:14
_onComplete@resource://devtools/shared/base-loader.js -> resource://devtools/shared/webconsole/network-monitor.js:651:5
onStreamClose@resource://devtools/shared/base-loader.js -> resource://devtools/shared/webconsole/network-monitor.js:600:7
onInputStreamReady@resource://devtools/shared/base-loader.js -> resource://devtools/shared/webconsole/network-monitor.js:702:7
Line: 1875, column: 0
console.error: 
  Handler function NetworkEventActorProxy.addResponseContent threw an exception: [Exception... "Component returned failure code: 0xc1f30001 (NS_ERROR_NOT_INITIALIZED) [nsIMessageSender.sendAsyncMessage]"  nsresult: "0xc1f30001 (NS_ERROR_NOT_INITIALIZED)"  location: "JS frame :: resource://devtools/shared/base-loader.js -> resource://devtools/shared/webconsole/network-monitor.js :: NetworkEventActorProxy.methodFactory/< :: line 1875"  data: no]
Stack: NetworkEventActorProxy.methodFactory/<@resource://devtools/shared/base-loader.js -> resource://devtools/shared/webconsole/network-monitor.js:1875:5
exports.makeInfallible/<@resource://devtools/shared/base-loader.js -> resource://devtools/shared/ThreadSafeDevToolsUtils.js:109:14
_onComplete@resource://devtools/shared/base-loader.js -> resource://devtools/shared/webconsole/network-monitor.js:651:5
onStreamClose@resource://devtools/shared/base-loader.js -> resource://devtools/shared/webconsole/network-monitor.js:600:7
onInputStreamReady@resource://devtools/shared/base-loader.js -> resource://devtools/shared/webconsole/network-monitor.js:702:7
Line: 1875, column: 0

###!!! [Child][RunMessage] Error: Channel closing: too late to send/recv, messages will be lost

1530242045202	geckodriver	INFO	geckodriver 0.20.1
1530242045206	geckodriver	INFO	Listening on 127.0.0.1:52595
1530242046245	mozrunner::runner	INFO	Running command: "/usr/bin/firefox" "-marionette" "-profile" "/tmp/rust_mozprofile.WqdNHHeniSLb"
1530242046742	Marionette	INFO	Enabled via --marionette
1530242047944	Marionette	INFO	Listening on port 42451
1530242047960	Marionette	WARN	TLS certificate errors will be ignored for this session
JavaScript error: https://fbsbx.com/captcha/recaptcha/iframe/?referer=https%3A%2F%2Fweb.facebook.com, line 1: TypeError: o is null
JavaScript error: https://fbsbx.com/captcha/recaptcha/iframe/?referer=https%3A%2F%2Fweb.facebook.com, line 1: TypeError: o is null

(firefox:32155): Gtk-CRITICAL **: 04:19:35.824: gtk_window_resize: assertion 'height > 0' failed
1530242449024	geckodriver	INFO	geckodriver 0.20.1
1530242449028	geckodriver	INFO	Listening on 127.0.0.1:45151
1530242450094	mozrunner::runner	INFO	Running command: "/usr/bin/firefox" "-marionette" "-profile" "/tmp/rust_mozprofile.yuDHYIiE26vB"
1530242450588	Marionette	INFO	Enabled via --marionette
1530242452018	Marionette	INFO	Listening on port 41835
1530242452106	Marionette	WARN	TLS certificate errors will be ignored for this session
Handler function NetworkEventActorProxy.addResponseContent threw an exception: [Exception... "Component returned failure code: 0xc1f30001 (NS_ERROR_NOT_INITIALIZED) [nsIMessageSender.sendAsyncMessage]"  nsresult: "0xc1f30001 (NS_ERROR_NOT_INITIALIZED)"  location: "JS frame :: resource://devtools/shared/base-loader.js -> resource://devtools/shared/webconsole/network-monitor.js :: NetworkEventActorProxy.methodFactory/< :: line 1875"  data: no]
Stack: NetworkEventActorProxy.methodFactory/<@resource://devtools/shared/base-loader.js -> resource://devtools/shared/webconsole/network-monitor.js:1875:5
exports.makeInfallible/<@resource://devtools/shared/base-loader.js -> resource://devtools/shared/ThreadSafeDevToolsUtils.js:109:14
_onComplete@resource://devtools/shared/base-loader.js -> resource://devtools/shared/webconsole/network-monitor.js:651:5
onStreamClose@resource://devtools/shared/base-loader.js -> resource://devtools/shared/webconsole/network-monitor.js:600:7
onInputStreamReady@resource://devtools/shared/base-loader.js -> resource://devtools/shared/webconsole/network-monitor.js:702:7
Line: 1875, column: 0
console.error: 
  Handler function NetworkEventActorProxy.addResponseContent threw an exception: [Exception... "Component returned failure code: 0xc1f30001 (NS_ERROR_NOT_INITIALIZED) [nsIMessageSender.sendAsyncMessage]"  nsresult: "0xc1f30001 (NS_ERROR_NOT_INITIALIZED)"  location: "JS frame :: resource://devtools/shared/base-loader.js -> resource://devtools/shared/webconsole/network-monitor.js :: NetworkEventActorProxy.methodFactory/< :: line 1875"  data: no]
Stack: NetworkEventActorProxy.methodFactory/<@resource://devtools/shared/base-loader.js -> resource://devtools/shared/webconsole/network-monitor.js:1875:5
exports.makeInfallible/<@resource://devtools/shared/base-loader.js -> resource://devtools/shared/ThreadSafeDevToolsUtils.js:109:14
_onComplete@resource://devtools/shared/base-loader.js -> resource://devtools/shared/webconsole/network-monitor.js:651:5
onStreamClose@resource://devtools/shared/base-loader.js -> resource://devtools/shared/webconsole/network-monitor.js:600:7
onInputStreamReady@resource://devtools/shared/base-loader.js -> resource://devtools/shared/webconsole/network-monitor.js:702:7
Line: 1875, column: 0

###!!! [Child][RunMessage] Error: Channel closing: too late to send/recv, messages will be lost

JavaScript error: https://fbsbx.com/captcha/recaptcha/iframe/?referer=https%3A%2F%2Fweb.facebook.com, line 1: TypeError: o is null
JavaScript error: https://fbsbx.com/captcha/recaptcha/iframe/?referer=https%3A%2F%2Fweb.facebook.com, line 1: TypeError: o is null
1530243248842	geckodriver	INFO	geckodriver 0.20.1
1530243248846	geckodriver	INFO	Listening on 127.0.0.1:42203
1530243249890	mozrunner::runner	INFO	Running command: "/usr/bin/firefox" "-marionette" "-profile" "/tmp/rust_mozprofile.TzOt92wjcD45"
1530243250388	Marionette	INFO	Enabled via --marionette
1530243251692	Marionette	INFO	Listening on port 38157
1530243251718	Marionette	WARN	TLS certificate errors will be ignored for this session
JavaScript error: https://fbsbx.com/captcha/recaptcha/iframe/?referer=https%3A%2F%2Fweb.facebook.com, line 1: TypeError: o is null
JavaScript error: https://fbsbx.com/captcha/recaptcha/iframe/?referer=https%3A%2F%2Fweb.facebook.com, line 1: TypeError: o is null
1530243652358	geckodriver	INFO	geckodriver 0.20.1
1530243652362	geckodriver	INFO	Listening on 127.0.0.1:38933
1530243653410	mozrunner::runner	INFO	Running command: "/usr/bin/firefox" "-marionette" "-profile" "/tmp/rust_mozprofile.nbSADqdud0H7"
1530243653886	Marionette	INFO	Enabled via --marionette
1530243655234	Marionette	INFO	Listening on port 39313
1530243655326	Marionette	WARN	TLS certificate errors will be ignored for this session
JavaScript error: https://fbsbx.com/captcha/recaptcha/iframe/?referer=https%3A%2F%2Fweb.facebook.com, line 1: TypeError: o is null
JavaScript error: https://fbsbx.com/captcha/recaptcha/iframe/?referer=https%3A%2F%2Fweb.facebook.com, line 1: TypeError: o is null
*************************
A coding exception was thrown and uncaught in a Task.

Full message: TypeError: content.text is undefined
Full stack: fetchStylesheetFromNetworkMonitor@resource://devtools/shared/base-loader.js -> resource://devtools/server/actors/stylesheets.js:480:1
StyleSheetActor<.fetchStylesheet<@resource://devtools/shared/base-loader.js -> resource://devtools/server/actors/stylesheets.js:410:18
_run@resource://devtools/shared/base-loader.js -> resource://devtools/shared/task.js:310:39
TaskImpl@resource://devtools/shared/base-loader.js -> resource://devtools/shared/task.js:272:3
asyncFunction@resource://devtools/shared/base-loader.js -> resource://devtools/shared/task.js:246:14
_getText@resource://devtools/shared/base-loader.js -> resource://devtools/server/actors/stylesheets.js:390:12
getText@resource://devtools/shared/base-loader.js -> resource://devtools/server/actors/stylesheets.js:360:12
getAuthoredCssText@resource://devtools/shared/base-loader.js -> resource://devtools/server/actors/styles.js:1249:12
PageStyleActor<.getApplied<@resource://devtools/shared/base-loader.js -> resource://devtools/server/actors/styles.js:461:13
_run@resource://devtools/shared/base-loader.js -> resource://devtools/shared/task.js:310:39
process@resource://gre/modules/Promise.jsm -> resource://gre/modules/Promise-backend.js:922:23
walkerLoop@resource://gre/modules/Promise.jsm -> resource://gre/modules/Promise-backend.js:806:7
scheduleWalkerLoop/<@resource://gre/modules/Promise.jsm -> resource://gre/modules/Promise-backend.js:742:11

*************************
*************************
A coding exception was thrown and uncaught in a Task.

Full message: TypeError: content.text is undefined
Full stack: fetchStylesheetFromNetworkMonitor@resource://devtools/shared/base-loader.js -> resource://devtools/server/actors/stylesheets.js:480:1
StyleSheetActor<.fetchStylesheet<@resource://devtools/shared/base-loader.js -> resource://devtools/server/actors/stylesheets.js:410:18
_run@resource://devtools/shared/base-loader.js -> resource://devtools/shared/task.js:310:39
TaskImpl@resource://devtools/shared/base-loader.js -> resource://devtools/shared/task.js:272:3
asyncFunction@resource://devtools/shared/base-loader.js -> resource://devtools/shared/task.js:246:14
_getText@resource://devtools/shared/base-loader.js -> resource://devtools/server/actors/stylesheets.js:390:12
getText@resource://devtools/shared/base-loader.js -> resource://devtools/server/actors/stylesheets.js:360:12
getAuthoredCssText@resource://devtools/shared/base-loader.js -> resource://devtools/server/actors/styles.js:1249:12
PageStyleActor<.getApplied<@resource://devtools/shared/base-loader.js -> resource://devtools/server/actors/styles.js:461:13
_run@resource://devtools/shared/base-loader.js -> resource://devtools/shared/task.js:310:39
process@resource://gre/modules/Promise.jsm -> resource://gre/modules/Promise-backend.js:922:23
walkerLoop@resource://gre/modules/Promise.jsm -> resource://gre/modules/Promise-backend.js:806:7
scheduleWalkerLoop/<@resource://gre/modules/Promise.jsm -> resource://gre/modules/Promise-backend.js:742:11

*************************
*************************
A coding exception was thrown and uncaught in a Task.

Full message: TypeError: content.text is undefined
Full stack: fetchStylesheetFromNetworkMonitor@resource://devtools/shared/base-loader.js -> resource://devtools/server/actors/stylesheets.js:480:1
StyleSheetActor<.fetchStylesheet<@resource://devtools/shared/base-loader.js -> resource://devtools/server/actors/stylesheets.js:410:18
_run@resource://devtools/shared/base-loader.js -> resource://devtools/shared/task.js:310:39
TaskImpl@resource://devtools/shared/base-loader.js -> resource://devtools/shared/task.js:272:3
asyncFunction@resource://devtools/shared/base-loader.js -> resource://devtools/shared/task.js:246:14
_getText@resource://devtools/shared/base-loader.js -> resource://devtools/server/actors/stylesheets.js:390:12
getText@resource://devtools/shared/base-loader.js -> resource://devtools/server/actors/stylesheets.js:360:12
getAuthoredCssText@resource://devtools/shared/base-loader.js -> resource://devtools/server/actors/styles.js:1249:12
PageStyleActor<.getApplied<@resource://devtools/shared/base-loader.js -> resource://devtools/server/actors/styles.js:461:13
_run@resource://devtools/shared/base-loader.js -> resource://devtools/shared/task.js:310:39
process@resource://gre/modules/Promise.jsm -> resource://gre/modules/Promise-backend.js:922:23
walkerLoop@resource://gre/modules/Promise.jsm -> resource://gre/modules/Promise-backend.js:806:7
scheduleWalkerLoop/<@resource://gre/modules/Promise.jsm -> resource://gre/modules/Promise-backend.js:742:11

*************************
*************************
A coding exception was thrown and uncaught in a Task.

Full message: TypeError: content.text is undefined
Full stack: fetchStylesheetFromNetworkMonitor@resource://devtools/shared/base-loader.js -> resource://devtools/server/actors/stylesheets.js:480:1
StyleSheetActor<.fetchStylesheet<@resource://devtools/shared/base-loader.js -> resource://devtools/server/actors/stylesheets.js:410:18
_run@resource://devtools/shared/base-loader.js -> resource://devtools/shared/task.js:310:39
TaskImpl@resource://devtools/shared/base-loader.js -> resource://devtools/shared/task.js:272:3
asyncFunction@resource://devtools/shared/base-loader.js -> resource://devtools/shared/task.js:246:14
_getText@resource://devtools/shared/base-loader.js -> resource://devtools/server/actors/stylesheets.js:390:12
getText@resource://devtools/shared/base-loader.js -> resource://devtools/server/actors/stylesheets.js:360:12
getAuthoredCssText@resource://devtools/shared/base-loader.js -> resource://devtools/server/actors/styles.js:1249:12
PageStyleActor<.getApplied<@resource://devtools/shared/base-loader.js -> resource://devtools/server/actors/styles.js:461:13
_run@resource://devtools/shared/base-loader.js -> resource://devtools/shared/task.js:310:39
process@resource://gre/modules/Promise.jsm -> resource://gre/modules/Promise-backend.js:922:23
walkerLoop@resource://gre/modules/Promise.jsm -> resource://gre/modules/Promise-backend.js:806:7
scheduleWalkerLoop/<@resource://gre/modules/Promise.jsm -> resource://gre/modules/Promise-backend.js:742:11

*************************
console.error: 
  Message: TypeError: content.text is undefined
  Stack:
    fetchStylesheetFromNetworkMonitor@resource://devtools/shared/base-loader.js -> resource://devtools/server/actors/stylesheets.js:480:1
StyleSheetActor<.fetchStylesheet<@resource://devtools/shared/base-loader.js -> resource://devtools/server/actors/stylesheets.js:410:18
_run@resource://devtools/shared/base-loader.js -> resource://devtools/shared/task.js:310:39
TaskImpl@resource://devtools/shared/base-loader.js -> resource://devtools/shared/task.js:272:3
asyncFunction@resource://devtools/shared/base-loader.js -> resource://devtools/shared/task.js:246:14
_getText@resource://devtools/shared/base-loader.js -> resource://devtools/server/actors/stylesheets.js:390:12
getText@resource://devtools/shared/base-loader.js -> resource://devtools/server/actors/stylesheets.js:360:12
getAuthoredCssText@resource://devtools/shared/base-loader.js -> resource://devtools/server/actors/styles.js:1249:12
PageStyleActor<.getApplied<@resource://devtools/shared/base-loader.js -> resource://devtools/server/actors/styles.js:461:13
_run@resource://devtools/shared/base-loader.js -> resource://devtools/shared/task.js:310:39
process@resource://gre/modules/Promise.jsm -> resource://gre/modules/Promise-backend.js:922:23
walkerLoop@resource://gre/modules/Promise.jsm -> resource://gre/modules/Promise-backend.js:806:7
scheduleWalkerLoop/<@resource://gre/modules/Promise.jsm -> resource://gre/modules/Promise-backend.js:742:11

fetchStylesheetFromNetworkMonitor@resource://devtools/shared/base-loader.js -> resource://devtools/server/actors/stylesheets.js:480:1
StyleSheetActor<.fetchStylesheet<@resource://devtools/shared/base-loader.js -> resource://devtools/server/actors/stylesheets.js:410:18
_run@resource://devtools/shared/base-loader.js -> resource://devtools/shared/task.js:310:39
TaskImpl@resource://devtools/shared/base-loader.js -> resource://devtools/shared/task.js:272:3
asyncFunction@resource://devtools/shared/base-loader.js -> resource://devtools/shared/task.js:246:14
_getText@resource://devtools/shared/base-loader.js -> resource://devtools/server/actors/stylesheets.js:390:12
getText@resource://devtools/shared/base-loader.js -> resource://devtools/server/actors/stylesheets.js:360:12
getAuthoredCssText@resource://devtools/shared/base-loader.js -> resource://devtools/server/actors/styles.js:1249:12
PageStyleActor<.getApplied<@resource://devtools/shared/base-loader.js -> resource://devtools/server/actors/styles.js:461:13
_run@resource://devtools/shared/base-loader.js -> resource://devtools/shared/task.js:310:39
process@resource://gre/modules/Promise.jsm -> resource://gre/modules/Promise-backend.js:922:23
walkerLoop@resource://gre/modules/Promise.jsm -> resource://gre/modules/Promise-backend.js:806:7
scheduleWalkerLoop/<@resource://gre/modules/Promise.jsm -> resource://gre/modules/Promise-backend.js:742:11
console.error: 
  Message: TypeError: content.text is undefined
  Stack:
    fetchStylesheetFromNetworkMonitor@resource://devtools/shared/base-loader.js -> resource://devtools/server/actors/stylesheets.js:480:1
StyleSheetActor<.fetchStylesheet<@resource://devtools/shared/base-loader.js -> resource://devtools/server/actors/stylesheets.js:410:18
_run@resource://devtools/shared/base-loader.js -> resource://devtools/shared/task.js:310:39
TaskImpl@resource://devtools/shared/base-loader.js -> resource://devtools/shared/task.js:272:3
asyncFunction@resource://devtools/shared/base-loader.js -> resource://devtools/shared/task.js:246:14
_getText@resource://devtools/shared/base-loader.js -> resource://devtools/server/actors/stylesheets.js:390:12
getText@resource://devtools/shared/base-loader.js -> resource://devtools/server/actors/stylesheets.js:360:12
getAuthoredCssText@resource://devtools/shared/base-loader.js -> resource://devtools/server/actors/styles.js:1249:12
PageStyleActor<.getApplied<@resource://devtools/shared/base-loader.js -> resource://devtools/server/actors/styles.js:461:13
_run@resource://devtools/shared/base-loader.js -> resource://devtools/shared/task.js:310:39
process@resource://gre/modules/Promise.jsm -> resource://gre/modules/Promise-backend.js:922:23
walkerLoop@resource://gre/modules/Promise.jsm -> resource://gre/modules/Promise-backend.js:806:7
scheduleWalkerLoop/<@resource://gre/modules/Promise.jsm -> resource://gre/modules/Promise-backend.js:742:11

fetchStylesheetFromNetworkMonitor@resource://devtools/shared/base-loader.js -> resource://devtools/server/actors/stylesheets.js:480:1
StyleSheetActor<.fetchStylesheet<@resource://devtools/shared/base-loader.js -> resource://devtools/server/actors/stylesheets.js:410:18
_run@resource://devtools/shared/base-loader.js -> resource://devtools/shared/task.js:310:39
TaskImpl@resource://devtools/shared/base-loader.js -> resource://devtools/shared/task.js:272:3
asyncFunction@resource://devtools/shared/base-loader.js -> resource://devtools/shared/task.js:246:14
_getText@resource://devtools/shared/base-loader.js -> resource://devtools/server/actors/stylesheets.js:390:12
getText@resource://devtools/shared/base-loader.js -> resource://devtools/server/actors/stylesheets.js:360:12
getAuthoredCssText@resource://devtools/shared/base-loader.js -> resource://devtools/server/actors/styles.js:1249:12
PageStyleActor<.getApplied<@resource://devtools/shared/base-loader.js -> resource://devtools/server/actors/styles.js:461:13
_run@resource://devtools/shared/base-loader.js -> resource://devtools/shared/task.js:310:39
process@resource://gre/modules/Promise.jsm -> resource://gre/modules/Promise-backend.js:922:23
walkerLoop@resource://gre/modules/Promise.jsm -> resource://gre/modules/Promise-backend.js:806:7
scheduleWalkerLoop/<@resource://gre/modules/Promise.jsm -> resource://gre/modules/Promise-backend.js:742:11
1530244147582	addons.productaddons	WARN	Failed downloading via XHR, status: 0, reason: error
Handler function NetworkEventActorProxy.addResponseContent threw an exception: [Exception... "Component returned failure code: 0xc1f30001 (NS_ERROR_NOT_INITIALIZED) [nsIMessageSender.sendAsyncMessage]"  nsresult: "0xc1f30001 (NS_ERROR_NOT_INITIALIZED)"  location: "JS frame :: resource://devtools/shared/base-loader.js -> resource://devtools/shared/webconsole/network-monitor.js :: NetworkEventActorProxy.methodFactory/< :: line 1875"  data: no]
Stack: NetworkEventActorProxy.methodFactory/<@resource://devtools/shared/base-loader.js -> resource://devtools/shared/webconsole/network-monitor.js:1875:5
exports.makeInfallible/<@resource://devtools/shared/base-loader.js -> resource://devtools/shared/ThreadSafeDevToolsUtils.js:109:14
_onComplete@resource://devtools/shared/base-loader.js -> resource://devtools/shared/webconsole/network-monitor.js:651:5
onStreamClose@resource://devtools/shared/base-loader.js -> resource://devtools/shared/webconsole/network-monitor.js:600:7
onInputStreamReady@resource://devtools/shared/base-loader.js -> resource://devtools/shared/webconsole/network-monitor.js:702:7
Line: 1875, column: 0
console.error: 
  Handler function NetworkEventActorProxy.addResponseContent threw an exception: [Exception... "Component returned failure code: 0xc1f30001 (NS_ERROR_NOT_INITIALIZED) [nsIMessageSender.sendAsyncMessage]"  nsresult: "0xc1f30001 (NS_ERROR_NOT_INITIALIZED)"  location: "JS frame :: resource://devtools/shared/base-loader.js -> resource://devtools/shared/webconsole/network-monitor.js :: NetworkEventActorProxy.methodFactory/< :: line 1875"  data: no]
Stack: NetworkEventActorProxy.methodFactory/<@resource://devtools/shared/base-loader.js -> resource://devtools/shared/webconsole/network-monitor.js:1875:5
exports.makeInfallible/<@resource://devtools/shared/base-loader.js -> resource://devtools/shared/ThreadSafeDevToolsUtils.js:109:14
_onComplete@resource://devtools/shared/base-loader.js -> resource://devtools/shared/webconsole/network-monitor.js:651:5
onStreamClose@resource://devtools/shared/base-loader.js -> resource://devtools/shared/webconsole/network-monitor.js:600:7
onInputStreamReady@resource://devtools/shared/base-loader.js -> resource://devtools/shared/webconsole/network-monitor.js:702:7
Line: 1875, column: 0

###!!! [Child][RunMessage] Error: Channel closing: too late to send/recv, messages will be lost

1530244260111	geckodriver	INFO	geckodriver 0.20.1
1530244260115	geckodriver	INFO	Listening on 127.0.0.1:52455
1530244261181	mozrunner::runner	INFO	Running command: "/usr/bin/firefox" "-marionette" "-profile" "/tmp/rust_mozprofile.jAGf9krcmdWa"
1530244261680	Marionette	INFO	Enabled via --marionette
1530244263034	Marionette	INFO	Listening on port 33579
1530244263110	Marionette	WARN	TLS certificate errors will be ignored for this session
JavaScript error: https://fbsbx.com/captcha/recaptcha/iframe/?referer=https%3A%2F%2Fweb.facebook.com, line 1: TypeError: o is null
JavaScript error: https://fbsbx.com/captcha/recaptcha/iframe/?referer=https%3A%2F%2Fweb.facebook.com, line 1: TypeError: o is null
1530244964186	addons.productaddons	WARN	Failed downloading via XHR, status: 0, reason: error
1530245199927	geckodriver	INFO	geckodriver 0.20.1
1530245199932	geckodriver	INFO	Listening on 127.0.0.1:46357
1530245200983	mozrunner::runner	INFO	Running command: "/usr/bin/firefox" "-marionette" "-profile" "/tmp/rust_mozprofile.YZInPm2oCCU7"
1530245201518	Marionette	INFO	Enabled via --marionette
1530245202864	Marionette	INFO	Listening on port 42543
1530245202894	Marionette	WARN	TLS certificate errors will be ignored for this session
JavaScript error: https://fbsbx.com/captcha/recaptcha/iframe/?referer=https%3A%2F%2Fweb.facebook.com, line 1: TypeError: o is null
JavaScript error: https://fbsbx.com/captcha/recaptcha/iframe/?referer=https%3A%2F%2Fweb.facebook.com, line 1: TypeError: o is null
[Parent 2304, Gecko_IOThread] WARNING: pipe error (99): Connection reset by peer: file /build/firefox/src/mozilla-unified/ipc/chromium/src/chrome/common/ipc_channel_posix.cc, line 353
1530245785612	addons.productaddons	WARN	Failed downloading via XHR, status: 0, reason: error
1530246373729	geckodriver	INFO	geckodriver 0.20.1
1530246373734	geckodriver	INFO	Listening on 127.0.0.1:52583
1530246374778	mozrunner::runner	INFO	Running command: "/usr/bin/firefox" "-marionette" "-profile" "/tmp/rust_mozprofile.Ydxgmdn8im71"
1530246375354	Marionette	INFO	Enabled via --marionette
1530246376778	Marionette	INFO	Listening on port 46385
1530246376804	Marionette	WARN	TLS certificate errors will be ignored for this session
JavaScript error: https://fbsbx.com/captcha/recaptcha/iframe/?referer=https%3A%2F%2Fweb.facebook.com, line 1: TypeError: o is null
JavaScript error: https://fbsbx.com/captcha/recaptcha/iframe/?referer=https%3A%2F%2Fweb.facebook.com, line 1: TypeError: o is null
1530247016201	geckodriver	INFO	geckodriver 0.20.1
1530247016205	geckodriver	INFO	Listening on 127.0.0.1:42921
1530247017253	mozrunner::runner	INFO	Running command: "/usr/bin/firefox" "-marionette" "-profile" "/tmp/rust_mozprofile.6u7jzIwvc24k"
1530247017740	Marionette	INFO	Enabled via --marionette
1530247018968	Marionette	INFO	Listening on port 33497
1530247019074	Marionette	WARN	TLS certificate errors will be ignored for this session
JavaScript error: https://fbsbx.com/captcha/recaptcha/iframe/?referer=https%3A%2F%2Fweb.facebook.com, line 1: TypeError: o is null
JavaScript error: https://fbsbx.com/captcha/recaptcha/iframe/?referer=https%3A%2F%2Fweb.facebook.com, line 1: TypeError: o is null
1530247718958	addons.productaddons	WARN	Failed downloading via XHR, status: 0, reason: error
1530281835494	geckodriver	INFO	geckodriver 0.20.1
1530281835501	geckodriver	INFO	Listening on 127.0.0.1:46917
1530281836541	mozrunner::runner	INFO	Running command: "/usr/bin/firefox" "-marionette" "-profile" "/tmp/rust_mozprofile.5JxoSYwySQzD"
1530281836986	Marionette	INFO	Enabled via --marionette
1530281838310	Marionette	INFO	Listening on port 44605
1530281838356	Marionette	WARN	TLS certificate errors will be ignored for this session
1530281878150	addons.productaddons	WARN	Failed downloading XML, status: 0, reason: timeout
JavaScript error: https://fbsbx.com/captcha/recaptcha/iframe/?referer=https%3A%2F%2Fwww.facebook.com, line 1: TypeError: o is null
JavaScript error: https://fbsbx.com/captcha/recaptcha/iframe/?referer=https%3A%2F%2Fwww.facebook.com, line 1: TypeError: o is null
1530658073129	geckodriver	INFO	geckodriver 0.20.1
1530658073141	geckodriver	INFO	Listening on 127.0.0.1:49021
1530658074179	mozrunner::runner	INFO	Running command: "/usr/bin/firefox" "-marionette" "--headless" "-profile" "/tmp/rust_mozprofile.fYCfdKuDPZvs"
*** You are running in headless mode.
1530658074910	Marionette	INFO	Enabled via --marionette
1530658076288	Marionette	INFO	Listening on port 34591
1530658076390	Marionette	WARN	TLS certificate errors will be ignored for this session
1530658117184	geckodriver	INFO	geckodriver 0.20.1
1530658117200	geckodriver	INFO	Listening on 127.0.0.1:41409
1530658118393	mozrunner::runner	INFO	Running command: "/usr/bin/firefox" "-marionette" "-headless" "-profile" "/tmp/rust_mozprofile.ad3GQDbSer7o"
*** You are running in headless mode.
1530658119148	Marionette	INFO	Enabled via --marionette
1530658120534	Marionette	INFO	Listening on port 34577
1530658120610	Marionette	WARN	TLS certificate errors will be ignored for this session
JavaScript error: https://fbsbx.com/captcha/recaptcha/iframe/?referer=https%3A%2F%2Fweb.facebook.com, line 1: TypeError: o is null
JavaScript error: https://fbsbx.com/captcha/recaptcha/iframe/?referer=https%3A%2F%2Fweb.facebook.com, line 1: TypeError: o is null
JavaScript warning: https://static.xx.fbcdn.net/rsrc.php/v3iX3c4/yL/l/en_GB/rkhEXlUPKTu.js, line 23: Error: WebGL warning: Can't use WebGL in headless mode (https://bugzil.la/1375585).
JavaScript warning: https://static.xx.fbcdn.net/rsrc.php/v3iX3c4/yL/l/en_GB/rkhEXlUPKTu.js, line 23: Error: WebGL warning: Failed to create WebGL context: WebGL creation failed: 
* Can't use WebGL in headless mode (https://bugzil.la/1375585).
JavaScript warning: https://static.xx.fbcdn.net/rsrc.php/v3iX3c4/yL/l/en_GB/rkhEXlUPKTu.js, line 23: Error: WebGL warning: Can't use WebGL in headless mode (https://bugzil.la/1375585).
JavaScript warning: https://static.xx.fbcdn.net/rsrc.php/v3iX3c4/yL/l/en_GB/rkhEXlUPKTu.js, line 23: Error: WebGL warning: Failed to create WebGL context: WebGL creation failed: 
* Can't use WebGL in headless mode (https://bugzil.la/1375585).
JavaScript warning: https://static.xx.fbcdn.net/rsrc.php/v3iX3c4/yL/l/en_GB/rkhEXlUPKTu.js, line 23: Error: WebGL warning: Can't use WebGL in headless mode (https://bugzil.la/1375585).
JavaScript warning: https://static.xx.fbcdn.net/rsrc.php/v3iX3c4/yL/l/en_GB/rkhEXlUPKTu.js, line 23: Error: WebGL warning: Failed to create WebGL context: WebGL creation failed: 
* Can't use WebGL in headless mode (https://bugzil.la/1375585).
JavaScript warning: https://static.xx.fbcdn.net/rsrc.php/v3iX3c4/yL/l/en_GB/rkhEXlUPKTu.js, line 23: Error: WebGL warning: Can't use WebGL in headless mode (https://bugzil.la/1375585).
JavaScript warning: https://static.xx.fbcdn.net/rsrc.php/v3iX3c4/yL/l/en_GB/rkhEXlUPKTu.js, line 23: Error: WebGL warning: Failed to create WebGL context: WebGL creation failed: 
* Can't use WebGL in headless mode (https://bugzil.la/1375585).
JavaScript warning: https://static.xx.fbcdn.net/rsrc.php/v3i47R4/yi/l/en_GB/WWy6VoGySXJ.js, line 79: Error: WebGL warning: Can't use WebGL in headless mode (https://bugzil.la/1375585).
JavaScript warning: https://static.xx.fbcdn.net/rsrc.php/v3i47R4/yi/l/en_GB/WWy6VoGySXJ.js, line 79: Error: WebGL warning: Failed to create WebGL context: WebGL creation failed: 
* Can't use WebGL in headless mode (https://bugzil.la/1375585).
JavaScript warning: https://static.xx.fbcdn.net/rsrc.php/v3i47R4/yi/l/en_GB/WWy6VoGySXJ.js, line 79: Error: WebGL warning: Can't use WebGL in headless mode (https://bugzil.la/1375585).
JavaScript warning: https://static.xx.fbcdn.net/rsrc.php/v3i47R4/yi/l/en_GB/WWy6VoGySXJ.js, line 79: Error: WebGL warning: Failed to create WebGL context: WebGL creation failed: 
* Can't use WebGL in headless mode (https://bugzil.la/1375585).
JavaScript warning: https://static.xx.fbcdn.net/rsrc.php/v3iX3c4/yL/l/en_GB/rkhEXlUPKTu.js, line 23: Error: WebGL warning: Can't use WebGL in headless mode (https://bugzil.la/1375585).
JavaScript warning: https://static.xx.fbcdn.net/rsrc.php/v3iX3c4/yL/l/en_GB/rkhEXlUPKTu.js, line 23: Error: WebGL warning: Failed to create WebGL context: WebGL creation failed: 
* Can't use WebGL in headless mode (https://bugzil.la/1375585).
JavaScript warning: https://static.xx.fbcdn.net/rsrc.php/v3iX3c4/yL/l/en_GB/rkhEXlUPKTu.js, line 23: Error: WebGL warning: Can't use WebGL in headless mode (https://bugzil.la/1375585).
JavaScript warning: https://static.xx.fbcdn.net/rsrc.php/v3iX3c4/yL/l/en_GB/rkhEXlUPKTu.js, line 23: Error: WebGL warning: Failed to create WebGL context: WebGL creation failed: 
* Can't use WebGL in headless mode (https://bugzil.la/1375585).
JavaScript warning: https://static.xx.fbcdn.net/rsrc.php/v3i47R4/yi/l/en_GB/WWy6VoGySXJ.js, line 79: Error: WebGL warning: Can't use WebGL in headless mode (https://bugzil.la/1375585).
JavaScript warning: https://static.xx.fbcdn.net/rsrc.php/v3i47R4/yi/l/en_GB/WWy6VoGySXJ.js, line 79: Error: WebGL warning: Failed to create WebGL context: WebGL creation failed: 
* Can't use WebGL in headless mode (https://bugzil.la/1375585).
JavaScript warning: https://static.xx.fbcdn.net/rsrc.php/v3i47R4/yi/l/en_GB/WWy6VoGySXJ.js, line 79: Error: WebGL warning: Can't use WebGL in headless mode (https://bugzil.la/1375585).
JavaScript warning: https://static.xx.fbcdn.net/rsrc.php/v3i47R4/yi/l/en_GB/WWy6VoGySXJ.js, line 79: Error: WebGL warning: Failed to create WebGL context: WebGL creation failed: 
* Can't use WebGL in headless mode (https://bugzil.la/1375585).
JavaScript warning: https://static.xx.fbcdn.net/rsrc.php/v3iX3c4/yL/l/en_GB/rkhEXlUPKTu.js, line 23: Error: WebGL warning: Can't use WebGL in headless mode (https://bugzil.la/1375585).
JavaScript warning: https://static.xx.fbcdn.net/rsrc.php/v3iX3c4/yL/l/en_GB/rkhEXlUPKTu.js, line 23: Error: WebGL warning: Failed to create WebGL context: WebGL creation failed: 
* Can't use WebGL in headless mode (https://bugzil.la/1375585).
JavaScript warning: https://static.xx.fbcdn.net/rsrc.php/v3iX3c4/yL/l/en_GB/rkhEXlUPKTu.js, line 23: Error: WebGL warning: Can't use WebGL in headless mode (https://bugzil.la/1375585).
JavaScript warning: https://static.xx.fbcdn.net/rsrc.php/v3iX3c4/yL/l/en_GB/rkhEXlUPKTu.js, line 23: Error: WebGL warning: Failed to create WebGL context: WebGL creation failed: 
* Can't use WebGL in headless mode (https://bugzil.la/1375585).
JavaScript warning: https://static.xx.fbcdn.net/rsrc.php/v3i47R4/yi/l/en_GB/WWy6VoGySXJ.js, line 79: Error: WebGL warning: Can't use WebGL in headless mode (https://bugzil.la/1375585).
JavaScript warning: https://static.xx.fbcdn.net/rsrc.php/v3i47R4/yi/l/en_GB/WWy6VoGySXJ.js, line 79: Error: WebGL warning: Failed to create WebGL context: WebGL creation failed: 
* Can't use WebGL in headless mode (https://bugzil.la/1375585).
JavaScript warning: https://static.xx.fbcdn.net/rsrc.php/v3i47R4/yi/l/en_GB/WWy6VoGySXJ.js, line 79: Error: WebGL warning: Can't use WebGL in headless mode (https://bugzil.la/1375585).
JavaScript warning: https://static.xx.fbcdn.net/rsrc.php/v3i47R4/yi/l/en_GB/WWy6VoGySXJ.js, line 79: Error: WebGL warning: Failed to create WebGL context: WebGL creation failed: 
* Can't use WebGL in headless mode (https://bugzil.la/1375585).
JavaScript warning: https://static.xx.fbcdn.net/rsrc.php/v3i47R4/yi/l/en_GB/WWy6VoGySXJ.js, line 79: Error: WebGL warning: Can't use WebGL in headless mode (https://bugzil.la/1375585).
JavaScript warning: https://static.xx.fbcdn.net/rsrc.php/v3i47R4/yi/l/en_GB/WWy6VoGySXJ.js, line 79: Error: WebGL warning: Failed to create WebGL context: WebGL creation failed: 
* Can't use WebGL in headless mode (https://bugzil.la/1375585).
JavaScript warning: https://static.xx.fbcdn.net/rsrc.php/v3i47R4/yi/l/en_GB/WWy6VoGySXJ.js, line 79: Error: WebGL warning: Can't use WebGL in headless mode (https://bugzil.la/1375585).
JavaScript warning: https://static.xx.fbcdn.net/rsrc.php/v3i47R4/yi/l/en_GB/WWy6VoGySXJ.js, line 79: Error: WebGL warning: Failed to create WebGL context: WebGL creation failed: 
* Can't use WebGL in headless mode (https://bugzil.la/1375585).
JavaScript warning: https://static.xx.fbcdn.net/rsrc.php/v3iX3c4/yL/l/en_GB/rkhEXlUPKTu.js, line 23: Error: WebGL warning: Can't use WebGL in headless mode (https://bugzil.la/1375585).
JavaScript warning: https://static.xx.fbcdn.net/rsrc.php/v3iX3c4/yL/l/en_GB/rkhEXlUPKTu.js, line 23: Error: WebGL warning: Failed to create WebGL context: WebGL creation failed: 
* Can't use WebGL in headless mode (https://bugzil.la/1375585).
JavaScript warning: https://static.xx.fbcdn.net/rsrc.php/v3iX3c4/yL/l/en_GB/rkhEXlUPKTu.js, line 23: Error: WebGL warning: Can't use WebGL in headless mode (https://bugzil.la/1375585).
JavaScript warning: https://static.xx.fbcdn.net/rsrc.php/v3iX3c4/yL/l/en_GB/rkhEXlUPKTu.js, line 23: Error: WebGL warning: Failed to create WebGL context: WebGL creation failed: 
* Can't use WebGL in headless mode (https://bugzil.la/1375585).
JavaScript warning: https://static.xx.fbcdn.net/rsrc.php/v3i47R4/yi/l/en_GB/WWy6VoGySXJ.js, line 79: Error: WebGL warning: Can't use WebGL in headless mode (https://bugzil.la/1375585).
JavaScript warning: https://static.xx.fbcdn.net/rsrc.php/v3i47R4/yi/l/en_GB/WWy6VoGySXJ.js, line 79: Error: WebGL warning: Failed to create WebGL context: WebGL creation failed: 
* Can't use WebGL in headless mode (https://bugzil.la/1375585).
JavaScript warning: https://static.xx.fbcdn.net/rsrc.php/v3i47R4/yi/l/en_GB/WWy6VoGySXJ.js, line 79: Error: WebGL warning: Can't use WebGL in headless mode (https://bugzil.la/1375585).
JavaScript warning: https://static.xx.fbcdn.net/rsrc.php/v3i47R4/yi/l/en_GB/WWy6VoGySXJ.js, line 79: Error: WebGL warning: Failed to create WebGL context: WebGL creation failed: 
* Can't use WebGL in headless mode (https://bugzil.la/1375585).
JavaScript warning: https://static.xx.fbcdn.net/rsrc.php/v3iX3c4/yL/l/en_GB/rkhEXlUPKTu.js, line 23: Error: WebGL warning: Can't use WebGL in headless mode (https://bugzil.la/1375585).
JavaScript warning: https://static.xx.fbcdn.net/rsrc.php/v3iX3c4/yL/l/en_GB/rkhEXlUPKTu.js, line 23: Error: WebGL warning: Failed to create WebGL context: WebGL creation failed: 
* Can't use WebGL in headless mode (https://bugzil.la/1375585).
JavaScript warning: https://static.xx.fbcdn.net/rsrc.php/v3iX3c4/yL/l/en_GB/rkhEXlUPKTu.js, line 23: Error: WebGL warning: Can't use WebGL in headless mode (https://bugzil.la/1375585).
JavaScript warning: https://static.xx.fbcdn.net/rsrc.php/v3iX3c4/yL/l/en_GB/rkhEXlUPKTu.js, line 23: Error: WebGL warning: Failed to create WebGL context: WebGL creation failed: 
* Can't use WebGL in headless mode (https://bugzil.la/1375585).
JavaScript warning: https://static.xx.fbcdn.net/rsrc.php/v3i47R4/yi/l/en_GB/WWy6VoGySXJ.js, line 79: Error: WebGL warning: Can't use WebGL in headless mode (https://bugzil.la/1375585).
JavaScript warning: https://static.xx.fbcdn.net/rsrc.php/v3i47R4/yi/l/en_GB/WWy6VoGySXJ.js, line 79: Error: WebGL warning: Failed to create WebGL context: WebGL creation failed: 
* Can't use WebGL in headless mode (https://bugzil.la/1375585).
JavaScript warning: https://static.xx.fbcdn.net/rsrc.php/v3i47R4/yi/l/en_GB/WWy6VoGySXJ.js, line 79: Error: WebGL warning: Can't use WebGL in headless mode (https://bugzil.la/1375585).
JavaScript warning: https://static.xx.fbcdn.net/rsrc.php/v3i47R4/yi/l/en_GB/WWy6VoGySXJ.js, line 79: Error: WebGL warning: Failed to create WebGL context: WebGL creation failed: 
* Can't use WebGL in headless mode (https://bugzil.la/1375585).
JavaScript warning: https://static.xx.fbcdn.net/rsrc.php/v3iX3c4/yL/l/en_GB/rkhEXlUPKTu.js, line 23: Error: WebGL warning: Can't use WebGL in headless mode (https://bugzil.la/1375585).
JavaScript warning: https://static.xx.fbcdn.net/rsrc.php/v3iX3c4/yL/l/en_GB/rkhEXlUPKTu.js, line 23: Error: WebGL warning: Failed to create WebGL context: WebGL creation failed: 
* Can't use WebGL in headless mode (https://bugzil.la/1375585).
JavaScript warning: https://static.xx.fbcdn.net/rsrc.php/v3iX3c4/yL/l/en_GB/rkhEXlUPKTu.js, line 23: Error: WebGL warning: Can't use WebGL in headless mode (https://bugzil.la/1375585).
JavaScript warning: https://static.xx.fbcdn.net/rsrc.php/v3iX3c4/yL/l/en_GB/rkhEXlUPKTu.js, line 23: Error: WebGL warning: Failed to create WebGL context: WebGL creation failed: 
* Can't use WebGL in headless mode (https://bugzil.la/1375585).
JavaScript warning: https://static.xx.fbcdn.net/rsrc.php/v3i47R4/yi/l/en_GB/WWy6VoGySXJ.js, line 79: Error: WebGL warning: Can't use WebGL in headless mode (https://bugzil.la/1375585).
JavaScript warning: https://static.xx.fbcdn.net/rsrc.php/v3i47R4/yi/l/en_GB/WWy6VoGySXJ.js, line 79: Error: WebGL warning: Failed to create WebGL context: WebGL creation failed: 
* Can't use WebGL in headless mode (https://bugzil.la/1375585).
JavaScript warning: https://static.xx.fbcdn.net/rsrc.php/v3i47R4/yi/l/en_GB/WWy6VoGySXJ.js, line 79: Error: WebGL warning: Can't use WebGL in headless mode (https://bugzil.la/1375585).
JavaScript warning: https://static.xx.fbcdn.net/rsrc.php/v3i47R4/yi/l/en_GB/WWy6VoGySXJ.js, line 79: Error: WebGL warning: Failed to create WebGL context: WebGL creation failed: 
* Can't use WebGL in headless mode (https://bugzil.la/1375585).
JavaScript warning: https://static.xx.fbcdn.net/rsrc.php/v3iX3c4/yL/l/en_GB/rkhEXlUPKTu.js, line 23: Error: WebGL warning: Can't use WebGL in headless mode (https://bugzil.la/1375585).
JavaScript warning: https://static.xx.fbcdn.net/rsrc.php/v3iX3c4/yL/l/en_GB/rkhEXlUPKTu.js, line 23: Error: WebGL warning: Failed to create WebGL context: WebGL creation failed: 
* Can't use WebGL in headless mode (https://bugzil.la/1375585).
JavaScript warning: https://static.xx.fbcdn.net/rsrc.php/v3iX3c4/yL/l/en_GB/rkhEXlUPKTu.js, line 23: Error: WebGL warning: Can't use WebGL in headless mode (https://bugzil.la/1375585).
JavaScript warning: https://static.xx.fbcdn.net/rsrc.php/v3iX3c4/yL/l/en_GB/rkhEXlUPKTu.js, line 23: Error: WebGL warning: Failed to create WebGL context: WebGL creation failed: 
* Can't use WebGL in headless mode (https://bugzil.la/1375585).
JavaScript warning: https://static.xx.fbcdn.net/rsrc.php/v3i47R4/yi/l/en_GB/WWy6VoGySXJ.js, line 79: Error: WebGL warning: Can't use WebGL in headless mode (https://bugzil.la/1375585).
JavaScript warning: https://static.xx.fbcdn.net/rsrc.php/v3i47R4/yi/l/en_GB/WWy6VoGySXJ.js, line 79: Error: WebGL warning: Failed to create WebGL context: WebGL creation failed: 
* Can't use WebGL in headless mode (https://bugzil.la/1375585).
JavaScript warning: https://static.xx.fbcdn.net/rsrc.php/v3i47R4/yi/l/en_GB/WWy6VoGySXJ.js, line 79: Error: WebGL warning: Can't use WebGL in headless mode (https://bugzil.la/1375585).
JavaScript warning: https://static.xx.fbcdn.net/rsrc.php/v3i47R4/yi/l/en_GB/WWy6VoGySXJ.js, line 79: Error: WebGL warning: Failed to create WebGL context: WebGL creation failed: 
* Can't use WebGL in headless mode (https://bugzil.la/1375585).
JavaScript warning: https://static.xx.fbcdn.net/rsrc.php/v3iX3c4/yL/l/en_GB/rkhEXlUPKTu.js, line 23: Error: WebGL warning: Can't use WebGL in headless mode (https://bugzil.la/1375585).
JavaScript warning: https://static.xx.fbcdn.net/rsrc.php/v3iX3c4/yL/l/en_GB/rkhEXlUPKTu.js, line 23: Error: WebGL warning: Failed to create WebGL context: WebGL creation failed: 
* Can't use WebGL in headless mode (https://bugzil.la/1375585).
JavaScript warning: https://static.xx.fbcdn.net/rsrc.php/v3iX3c4/yL/l/en_GB/rkhEXlUPKTu.js, line 23: Error: WebGL warning: Can't use WebGL in headless mode (https://bugzil.la/1375585).
JavaScript warning: https://static.xx.fbcdn.net/rsrc.php/v3iX3c4/yL/l/en_GB/rkhEXlUPKTu.js, line 23: Error: WebGL warning: Failed to create WebGL context: WebGL creation failed: 
* Can't use WebGL in headless mode (https://bugzil.la/1375585).
JavaScript warning: https://static.xx.fbcdn.net/rsrc.php/v3i47R4/yi/l/en_GB/WWy6VoGySXJ.js, line 79: Error: WebGL warning: Can't use WebGL in headless mode (https://bugzil.la/1375585).
JavaScript warning: https://static.xx.fbcdn.net/rsrc.php/v3i47R4/yi/l/en_GB/WWy6VoGySXJ.js, line 79: Error: WebGL warning: Failed to create WebGL context: WebGL creation failed: 
* Can't use WebGL in headless mode (https://bugzil.la/1375585).
JavaScript warning: https://static.xx.fbcdn.net/rsrc.php/v3i47R4/yi/l/en_GB/WWy6VoGySXJ.js, line 79: Error: WebGL warning: Can't use WebGL in headless mode (https://bugzil.la/1375585).
JavaScript warning: https://static.xx.fbcdn.net/rsrc.php/v3i47R4/yi/l/en_GB/WWy6VoGySXJ.js, line 79: Error: WebGL warning: Failed to create WebGL context: WebGL creation failed: 
* Can't use WebGL in headless mode (https://bugzil.la/1375585).
JavaScript warning: https://static.xx.fbcdn.net/rsrc.php/v3iX3c4/yL/l/en_GB/rkhEXlUPKTu.js, line 23: Error: WebGL warning: Can't use WebGL in headless mode (https://bugzil.la/1375585).
JavaScript warning: https://static.xx.fbcdn.net/rsrc.php/v3iX3c4/yL/l/en_GB/rkhEXlUPKTu.js, line 23: Error: WebGL warning: Failed to create WebGL context: WebGL creation failed: 
* Can't use WebGL in headless mode (https://bugzil.la/1375585).
JavaScript warning: https://static.xx.fbcdn.net/rsrc.php/v3iX3c4/yL/l/en_GB/rkhEXlUPKTu.js, line 23: Error: WebGL warning: Can't use WebGL in headless mode (https://bugzil.la/1375585).
JavaScript warning: https://static.xx.fbcdn.net/rsrc.php/v3iX3c4/yL/l/en_GB/rkhEXlUPKTu.js, line 23: Error: WebGL warning: Failed to create WebGL context: WebGL creation failed: 
* Can't use WebGL in headless mode (https://bugzil.la/1375585).
